{"/Users/cjdeleon/Developer/ds-algos/divide-and-conquer/search.js": {"path":"/Users/cjdeleon/Developer/ds-algos/divide-and-conquer/search.js","all":false,"statementMap":{"0":{"start":{"line":1,"column":0},"end":{"line":1,"column":3}},"1":{"start":{"line":2,"column":0},"end":{"line":2,"column":53}},"2":{"start":{"line":3,"column":0},"end":{"line":3,"column":54}},"3":{"start":{"line":4,"column":0},"end":{"line":4,"column":50}},"4":{"start":{"line":5,"column":0},"end":{"line":5,"column":48}},"5":{"start":{"line":6,"column":0},"end":{"line":6,"column":3}},"6":{"start":{"line":7,"column":0},"end":{"line":7,"column":0}},"7":{"start":{"line":8,"column":0},"end":{"line":8,"column":30}},"8":{"start":{"line":9,"column":0},"end":{"line":9,"column":16}},"9":{"start":{"line":10,"column":0},"end":{"line":10,"column":32}},"10":{"start":{"line":11,"column":0},"end":{"line":11,"column":0}},"11":{"start":{"line":12,"column":0},"end":{"line":12,"column":24}},"12":{"start":{"line":13,"column":0},"end":{"line":13,"column":47}},"13":{"start":{"line":14,"column":0},"end":{"line":14,"column":0}},"14":{"start":{"line":15,"column":0},"end":{"line":15,"column":35}},"15":{"start":{"line":16,"column":0},"end":{"line":16,"column":29}},"16":{"start":{"line":17,"column":0},"end":{"line":17,"column":42}},"17":{"start":{"line":18,"column":0},"end":{"line":18,"column":29}},"18":{"start":{"line":19,"column":0},"end":{"line":19,"column":16}},"19":{"start":{"line":20,"column":0},"end":{"line":20,"column":34}},"20":{"start":{"line":21,"column":0},"end":{"line":21,"column":9}},"21":{"start":{"line":22,"column":0},"end":{"line":22,"column":0}},"22":{"start":{"line":23,"column":0},"end":{"line":23,"column":5}},"23":{"start":{"line":24,"column":0},"end":{"line":24,"column":0}},"24":{"start":{"line":25,"column":0},"end":{"line":25,"column":14}},"25":{"start":{"line":26,"column":0},"end":{"line":26,"column":1}},"26":{"start":{"line":27,"column":0},"end":{"line":27,"column":0}},"27":{"start":{"line":28,"column":0},"end":{"line":28,"column":24}}},"s":{"0":1,"1":1,"2":1,"3":1,"4":1,"5":1,"6":1,"7":3,"8":3,"9":3,"10":3,"11":3,"12":9,"13":9,"14":9,"15":3,"16":3,"17":2,"18":2,"19":2,"20":2,"21":9,"22":9,"23":1,"24":1,"25":1,"26":1,"27":1},"branchMap":{"0":{"type":"branch","line":8,"loc":{"start":{"line":8,"column":0},"end":{"line":26,"column":1}},"locations":[{"start":{"line":8,"column":0},"end":{"line":26,"column":1}}]},"1":{"type":"branch","line":12,"loc":{"start":{"line":12,"column":23},"end":{"line":23,"column":5}},"locations":[{"start":{"line":12,"column":23},"end":{"line":23,"column":5}}]},"2":{"type":"branch","line":15,"loc":{"start":{"line":15,"column":34},"end":{"line":17,"column":15}},"locations":[{"start":{"line":15,"column":34},"end":{"line":17,"column":15}}]},"3":{"type":"branch","line":15,"loc":{"start":{"line":15,"column":8},"end":{"line":21,"column":9}},"locations":[{"start":{"line":15,"column":8},"end":{"line":21,"column":9}}]},"4":{"type":"branch","line":17,"loc":{"start":{"line":17,"column":41},"end":{"line":19,"column":15}},"locations":[{"start":{"line":17,"column":41},"end":{"line":19,"column":15}}]},"5":{"type":"branch","line":17,"loc":{"start":{"line":17,"column":15},"end":{"line":21,"column":9}},"locations":[{"start":{"line":17,"column":15},"end":{"line":21,"column":9}}]},"6":{"type":"branch","line":24,"loc":{"start":{"line":24,"column":-1},"end":{"line":26,"column":1}},"locations":[{"start":{"line":24,"column":-1},"end":{"line":26,"column":1}}]}},"b":{"0":[3],"1":[9],"2":[6],"3":[3],"4":[1],"5":[2],"6":[1]},"fnMap":{"0":{"name":"search","decl":{"start":{"line":8,"column":0},"end":{"line":26,"column":1}},"loc":{"start":{"line":8,"column":0},"end":{"line":26,"column":1}},"line":8}},"f":{"0":3}}
,"/Users/cjdeleon/Developer/ds-algos/frequency-counters/areThereDuplicates.js": {"path":"/Users/cjdeleon/Developer/ds-algos/frequency-counters/areThereDuplicates.js","all":false,"statementMap":{"0":{"start":{"line":1,"column":0},"end":{"line":1,"column":3}},"1":{"start":{"line":2,"column":0},"end":{"line":2,"column":55}},"2":{"start":{"line":3,"column":0},"end":{"line":3,"column":53}},"3":{"start":{"line":4,"column":0},"end":{"line":4,"column":66}},"4":{"start":{"line":5,"column":0},"end":{"line":5,"column":64}},"5":{"start":{"line":6,"column":0},"end":{"line":6,"column":28}},"6":{"start":{"line":7,"column":0},"end":{"line":7,"column":12}},"7":{"start":{"line":8,"column":0},"end":{"line":8,"column":13}},"8":{"start":{"line":9,"column":0},"end":{"line":9,"column":3}},"9":{"start":{"line":10,"column":0},"end":{"line":10,"column":39}},"10":{"start":{"line":11,"column":0},"end":{"line":11,"column":22}},"11":{"start":{"line":12,"column":0},"end":{"line":12,"column":0}},"12":{"start":{"line":13,"column":0},"end":{"line":13,"column":28}},"13":{"start":{"line":14,"column":0},"end":{"line":14,"column":42}},"14":{"start":{"line":15,"column":0},"end":{"line":15,"column":24}},"15":{"start":{"line":16,"column":0},"end":{"line":16,"column":9}},"16":{"start":{"line":17,"column":0},"end":{"line":17,"column":0}},"17":{"start":{"line":18,"column":0},"end":{"line":18,"column":25}},"18":{"start":{"line":19,"column":0},"end":{"line":19,"column":5}},"19":{"start":{"line":20,"column":0},"end":{"line":20,"column":0}},"20":{"start":{"line":21,"column":0},"end":{"line":21,"column":17}},"21":{"start":{"line":22,"column":0},"end":{"line":22,"column":1}},"22":{"start":{"line":23,"column":0},"end":{"line":23,"column":0}},"23":{"start":{"line":24,"column":0},"end":{"line":24,"column":36}}},"s":{"0":1,"1":1,"2":1,"3":1,"4":1,"5":1,"6":1,"7":1,"8":1,"9":1,"10":3,"11":3,"12":3,"13":10,"14":2,"15":2,"16":8,"17":8,"18":8,"19":1,"20":1,"21":1,"22":1,"23":1},"branchMap":{"0":{"type":"branch","line":10,"loc":{"start":{"line":10,"column":1},"end":{"line":22,"column":1}},"locations":[{"start":{"line":10,"column":1},"end":{"line":22,"column":1}}]},"1":{"type":"branch","line":13,"loc":{"start":{"line":13,"column":27},"end":{"line":19,"column":5}},"locations":[{"start":{"line":13,"column":27},"end":{"line":19,"column":5}}]},"2":{"type":"branch","line":14,"loc":{"start":{"line":14,"column":41},"end":{"line":16,"column":9}},"locations":[{"start":{"line":14,"column":41},"end":{"line":16,"column":9}}]},"3":{"type":"branch","line":17,"loc":{"start":{"line":17,"column":-1},"end":{"line":19,"column":5}},"locations":[{"start":{"line":17,"column":-1},"end":{"line":19,"column":5}}]},"4":{"type":"branch","line":20,"loc":{"start":{"line":20,"column":-1},"end":{"line":22,"column":1}},"locations":[{"start":{"line":20,"column":-1},"end":{"line":22,"column":1}}]}},"b":{"0":[3],"1":[10],"2":[2],"3":[8],"4":[1]},"fnMap":{"0":{"name":"areThereDuplicates","decl":{"start":{"line":10,"column":1},"end":{"line":22,"column":1}},"loc":{"start":{"line":10,"column":1},"end":{"line":22,"column":1}},"line":10}},"f":{"0":3}}
,"/Users/cjdeleon/Developer/ds-algos/frequency-counters/sameFrequency.js": {"path":"/Users/cjdeleon/Developer/ds-algos/frequency-counters/sameFrequency.js","all":false,"statementMap":{"0":{"start":{"line":1,"column":0},"end":{"line":1,"column":3}},"1":{"start":{"line":2,"column":0},"end":{"line":2,"column":41}},"2":{"start":{"line":3,"column":0},"end":{"line":3,"column":43}},"3":{"start":{"line":4,"column":0},"end":{"line":4,"column":42}},"4":{"start":{"line":5,"column":0},"end":{"line":5,"column":13}},"5":{"start":{"line":6,"column":0},"end":{"line":6,"column":3}},"6":{"start":{"line":7,"column":0},"end":{"line":7,"column":15}},"7":{"start":{"line":8,"column":0},"end":{"line":8,"column":3}},"8":{"start":{"line":9,"column":0},"end":{"line":9,"column":36}},"9":{"start":{"line":10,"column":0},"end":{"line":10,"column":39}},"10":{"start":{"line":11,"column":0},"end":{"line":11,"column":39}},"11":{"start":{"line":12,"column":0},"end":{"line":12,"column":0}},"12":{"start":{"line":13,"column":0},"end":{"line":13,"column":62}},"13":{"start":{"line":14,"column":0},"end":{"line":14,"column":0}},"14":{"start":{"line":15,"column":0},"end":{"line":15,"column":23}},"15":{"start":{"line":16,"column":0},"end":{"line":16,"column":23}},"16":{"start":{"line":17,"column":0},"end":{"line":17,"column":0}},"17":{"start":{"line":18,"column":0},"end":{"line":18,"column":34}},"18":{"start":{"line":19,"column":0},"end":{"line":19,"column":60}},"19":{"start":{"line":20,"column":0},"end":{"line":20,"column":5}},"20":{"start":{"line":21,"column":0},"end":{"line":21,"column":0}},"21":{"start":{"line":22,"column":0},"end":{"line":22,"column":34}},"22":{"start":{"line":23,"column":0},"end":{"line":23,"column":60}},"23":{"start":{"line":24,"column":0},"end":{"line":24,"column":5}},"24":{"start":{"line":25,"column":0},"end":{"line":25,"column":0}},"25":{"start":{"line":26,"column":0},"end":{"line":26,"column":30}},"26":{"start":{"line":27,"column":0},"end":{"line":27,"column":76}},"27":{"start":{"line":28,"column":0},"end":{"line":28,"column":25}},"28":{"start":{"line":29,"column":0},"end":{"line":29,"column":9}},"29":{"start":{"line":30,"column":0},"end":{"line":30,"column":5}},"30":{"start":{"line":31,"column":0},"end":{"line":31,"column":0}},"31":{"start":{"line":32,"column":0},"end":{"line":32,"column":16}},"32":{"start":{"line":33,"column":0},"end":{"line":33,"column":1}},"33":{"start":{"line":34,"column":0},"end":{"line":34,"column":0}},"34":{"start":{"line":35,"column":0},"end":{"line":35,"column":31}}},"s":{"0":1,"1":1,"2":1,"3":1,"4":1,"5":1,"6":1,"7":1,"8":4,"9":4,"10":4,"11":4,"12":4,"13":3,"14":3,"15":3,"16":3,"17":4,"18":12,"19":12,"20":3,"21":4,"22":12,"23":12,"24":4,"25":4,"26":9,"27":1,"28":1,"29":9,"30":4,"31":4,"32":4,"33":1,"34":1},"branchMap":{"0":{"type":"branch","line":9,"loc":{"start":{"line":9,"column":0},"end":{"line":33,"column":1}},"locations":[{"start":{"line":9,"column":0},"end":{"line":33,"column":1}}]},"1":{"type":"branch","line":13,"loc":{"start":{"line":13,"column":49},"end":{"line":13,"column":56}},"locations":[{"start":{"line":13,"column":49},"end":{"line":13,"column":56}}]},"2":{"type":"branch","line":13,"loc":{"start":{"line":13,"column":49},"end":{"line":18,"column":9}},"locations":[{"start":{"line":13,"column":49},"end":{"line":18,"column":9}}]},"3":{"type":"branch","line":18,"loc":{"start":{"line":18,"column":33},"end":{"line":20,"column":5}},"locations":[{"start":{"line":18,"column":33},"end":{"line":20,"column":5}}]},"4":{"type":"branch","line":19,"loc":{"start":{"line":19,"column":24},"end":{"line":19,"column":50}},"locations":[{"start":{"line":19,"column":24},"end":{"line":19,"column":50}}]},"5":{"type":"branch","line":19,"loc":{"start":{"line":19,"column":24},"end":{"line":19,"column":60}},"locations":[{"start":{"line":19,"column":24},"end":{"line":19,"column":60}}]},"6":{"type":"branch","line":21,"loc":{"start":{"line":21,"column":-1},"end":{"line":22,"column":9}},"locations":[{"start":{"line":21,"column":-1},"end":{"line":22,"column":9}}]},"7":{"type":"branch","line":22,"loc":{"start":{"line":22,"column":33},"end":{"line":24,"column":5}},"locations":[{"start":{"line":22,"column":33},"end":{"line":24,"column":5}}]},"8":{"type":"branch","line":23,"loc":{"start":{"line":23,"column":24},"end":{"line":23,"column":50}},"locations":[{"start":{"line":23,"column":24},"end":{"line":23,"column":50}}]},"9":{"type":"branch","line":23,"loc":{"start":{"line":23,"column":24},"end":{"line":23,"column":60}},"locations":[{"start":{"line":23,"column":24},"end":{"line":23,"column":60}}]},"10":{"type":"branch","line":26,"loc":{"start":{"line":26,"column":29},"end":{"line":30,"column":5}},"locations":[{"start":{"line":26,"column":29},"end":{"line":30,"column":5}}]},"11":{"type":"branch","line":27,"loc":{"start":{"line":27,"column":12},"end":{"line":27,"column":69}},"locations":[{"start":{"line":27,"column":12},"end":{"line":27,"column":69}}]},"12":{"type":"branch","line":27,"loc":{"start":{"line":27,"column":75},"end":{"line":29,"column":9}},"locations":[{"start":{"line":27,"column":75},"end":{"line":29,"column":9}}]}},"b":{"0":[4],"1":[1],"2":[3],"3":[12],"4":[2],"5":[10],"6":[3],"7":[12],"8":[2],"9":[10],"10":[9],"11":[8],"12":[1]},"fnMap":{"0":{"name":"sameFrequency","decl":{"start":{"line":9,"column":0},"end":{"line":33,"column":1}},"loc":{"start":{"line":9,"column":0},"end":{"line":33,"column":1}},"line":9}},"f":{"0":4}}
,"/Users/cjdeleon/Developer/ds-algos/frequency-counters/squaredFrequency.js": {"path":"/Users/cjdeleon/Developer/ds-algos/frequency-counters/squaredFrequency.js","all":false,"statementMap":{"0":{"start":{"line":1,"column":0},"end":{"line":1,"column":3}},"1":{"start":{"line":2,"column":0},"end":{"line":2,"column":58}},"2":{"start":{"line":3,"column":0},"end":{"line":3,"column":62}},"3":{"start":{"line":4,"column":0},"end":{"line":4,"column":59}},"4":{"start":{"line":5,"column":0},"end":{"line":5,"column":44}},"5":{"start":{"line":6,"column":0},"end":{"line":6,"column":3}},"6":{"start":{"line":7,"column":0},"end":{"line":7,"column":35}},"7":{"start":{"line":8,"column":0},"end":{"line":8,"column":55}},"8":{"start":{"line":9,"column":0},"end":{"line":9,"column":28}},"9":{"start":{"line":10,"column":0},"end":{"line":10,"column":0}},"10":{"start":{"line":11,"column":0},"end":{"line":11,"column":31}},"11":{"start":{"line":12,"column":0},"end":{"line":12,"column":33}},"12":{"start":{"line":13,"column":0},"end":{"line":13,"column":34}},"13":{"start":{"line":14,"column":0},"end":{"line":14,"column":16}},"14":{"start":{"line":15,"column":0},"end":{"line":15,"column":35}},"15":{"start":{"line":16,"column":0},"end":{"line":16,"column":9}},"16":{"start":{"line":17,"column":0},"end":{"line":17,"column":7}},"17":{"start":{"line":18,"column":0},"end":{"line":18,"column":30}},"18":{"start":{"line":19,"column":0},"end":{"line":19,"column":0}},"19":{"start":{"line":20,"column":0},"end":{"line":20,"column":26}},"20":{"start":{"line":21,"column":0},"end":{"line":21,"column":42}},"21":{"start":{"line":22,"column":0},"end":{"line":22,"column":65}},"22":{"start":{"line":23,"column":0},"end":{"line":23,"column":0}},"23":{"start":{"line":24,"column":0},"end":{"line":24,"column":36}},"24":{"start":{"line":25,"column":0},"end":{"line":25,"column":7}},"25":{"start":{"line":26,"column":0},"end":{"line":26,"column":0}},"26":{"start":{"line":27,"column":0},"end":{"line":27,"column":30}},"27":{"start":{"line":28,"column":0},"end":{"line":28,"column":0}},"28":{"start":{"line":29,"column":0},"end":{"line":29,"column":54}},"29":{"start":{"line":30,"column":0},"end":{"line":30,"column":48}},"30":{"start":{"line":31,"column":0},"end":{"line":31,"column":24}},"31":{"start":{"line":32,"column":0},"end":{"line":32,"column":25}},"32":{"start":{"line":33,"column":0},"end":{"line":33,"column":9}},"33":{"start":{"line":34,"column":0},"end":{"line":34,"column":5}},"34":{"start":{"line":35,"column":0},"end":{"line":35,"column":0}},"35":{"start":{"line":36,"column":0},"end":{"line":36,"column":16}},"36":{"start":{"line":37,"column":0},"end":{"line":37,"column":2}},"37":{"start":{"line":38,"column":0},"end":{"line":38,"column":0}},"38":{"start":{"line":39,"column":0},"end":{"line":39,"column":22}}},"s":{"0":1,"1":1,"2":1,"3":1,"4":1,"5":1,"6":1,"7":3,"8":2,"9":2,"10":2,"11":6,"12":1,"13":1,"14":1,"15":1,"16":6,"17":2,"18":2,"19":2,"20":6,"21":6,"22":6,"23":6,"24":6,"25":2,"26":2,"27":2,"28":3,"29":4,"30":4,"31":1,"32":1,"33":4,"34":3,"35":3,"36":3,"37":1,"38":1},"branchMap":{"0":{"type":"branch","line":7,"loc":{"start":{"line":7,"column":13},"end":{"line":37,"column":2}},"locations":[{"start":{"line":7,"column":13},"end":{"line":37,"column":2}}]},"1":{"type":"branch","line":8,"loc":{"start":{"line":8,"column":42},"end":{"line":8,"column":49}},"locations":[{"start":{"line":8,"column":42},"end":{"line":8,"column":49}}]},"2":{"type":"branch","line":8,"loc":{"start":{"line":8,"column":42},"end":{"line":29,"column":9}},"locations":[{"start":{"line":8,"column":42},"end":{"line":29,"column":9}}]},"3":{"type":"branch","line":29,"loc":{"start":{"line":29,"column":53},"end":{"line":34,"column":5}},"locations":[{"start":{"line":29,"column":53},"end":{"line":34,"column":5}}]},"4":{"type":"branch","line":31,"loc":{"start":{"line":31,"column":23},"end":{"line":33,"column":9}},"locations":[{"start":{"line":31,"column":23},"end":{"line":33,"column":9}}]},"5":{"type":"branch","line":11,"loc":{"start":{"line":11,"column":23},"end":{"line":17,"column":7}},"locations":[{"start":{"line":11,"column":23},"end":{"line":17,"column":7}}]},"6":{"type":"branch","line":12,"loc":{"start":{"line":12,"column":32},"end":{"line":14,"column":15}},"locations":[{"start":{"line":12,"column":32},"end":{"line":14,"column":15}}]},"7":{"type":"branch","line":12,"loc":{"start":{"line":12,"column":8},"end":{"line":16,"column":9}},"locations":[{"start":{"line":12,"column":8},"end":{"line":16,"column":9}}]},"8":{"type":"branch","line":20,"loc":{"start":{"line":20,"column":17},"end":{"line":25,"column":7}},"locations":[{"start":{"line":20,"column":17},"end":{"line":25,"column":7}}]},"9":{"type":"branch","line":22,"loc":{"start":{"line":22,"column":52},"end":{"line":22,"column":59}},"locations":[{"start":{"line":22,"column":52},"end":{"line":22,"column":59}}]}},"b":{"0":[3],"1":[1],"2":[2],"3":[4],"4":[1],"5":[6],"6":[5],"7":[1],"8":[6],"9":[0]},"fnMap":{"0":{"name":"same","decl":{"start":{"line":7,"column":13},"end":{"line":37,"column":2}},"loc":{"start":{"line":7,"column":13},"end":{"line":37,"column":2}},"line":7}},"f":{"0":3}}
,"/Users/cjdeleon/Developer/ds-algos/frequency-counters/validAnagram.js": {"path":"/Users/cjdeleon/Developer/ds-algos/frequency-counters/validAnagram.js","all":false,"statementMap":{"0":{"start":{"line":1,"column":0},"end":{"line":1,"column":3}},"1":{"start":{"line":2,"column":0},"end":{"line":2,"column":21}},"2":{"start":{"line":3,"column":0},"end":{"line":3,"column":63}},"3":{"start":{"line":4,"column":0},"end":{"line":4,"column":89}},"4":{"start":{"line":5,"column":0},"end":{"line":5,"column":27}},"5":{"start":{"line":6,"column":0},"end":{"line":6,"column":3}},"6":{"start":{"line":7,"column":0},"end":{"line":7,"column":47}},"7":{"start":{"line":8,"column":0},"end":{"line":8,"column":49}},"8":{"start":{"line":9,"column":0},"end":{"line":9,"column":21}},"9":{"start":{"line":10,"column":0},"end":{"line":10,"column":5}},"10":{"start":{"line":11,"column":0},"end":{"line":11,"column":0}},"11":{"start":{"line":12,"column":0},"end":{"line":12,"column":33}},"12":{"start":{"line":13,"column":0},"end":{"line":13,"column":33}},"13":{"start":{"line":14,"column":0},"end":{"line":14,"column":0}},"14":{"start":{"line":15,"column":0},"end":{"line":15,"column":33}},"15":{"start":{"line":16,"column":0},"end":{"line":16,"column":39}},"16":{"start":{"line":17,"column":0},"end":{"line":17,"column":40}},"17":{"start":{"line":18,"column":0},"end":{"line":18,"column":16}},"18":{"start":{"line":19,"column":0},"end":{"line":19,"column":41}},"19":{"start":{"line":20,"column":0},"end":{"line":20,"column":9}},"20":{"start":{"line":21,"column":0},"end":{"line":21,"column":5}},"21":{"start":{"line":22,"column":0},"end":{"line":22,"column":0}},"22":{"start":{"line":23,"column":0},"end":{"line":23,"column":34}},"23":{"start":{"line":24,"column":0},"end":{"line":24,"column":39}},"24":{"start":{"line":25,"column":0},"end":{"line":25,"column":40}},"25":{"start":{"line":26,"column":0},"end":{"line":26,"column":16}},"26":{"start":{"line":27,"column":0},"end":{"line":27,"column":41}},"27":{"start":{"line":28,"column":0},"end":{"line":28,"column":9}},"28":{"start":{"line":29,"column":0},"end":{"line":29,"column":5}},"29":{"start":{"line":30,"column":0},"end":{"line":30,"column":0}},"30":{"start":{"line":31,"column":0},"end":{"line":31,"column":40}},"31":{"start":{"line":32,"column":0},"end":{"line":32,"column":64}},"32":{"start":{"line":33,"column":0},"end":{"line":33,"column":25}},"33":{"start":{"line":34,"column":0},"end":{"line":34,"column":9}},"34":{"start":{"line":35,"column":0},"end":{"line":35,"column":5}},"35":{"start":{"line":36,"column":0},"end":{"line":36,"column":0}},"36":{"start":{"line":37,"column":0},"end":{"line":37,"column":16}},"37":{"start":{"line":38,"column":0},"end":{"line":38,"column":1}},"38":{"start":{"line":39,"column":0},"end":{"line":39,"column":0}},"39":{"start":{"line":40,"column":0},"end":{"line":40,"column":30}}},"s":{"0":1,"1":1,"2":1,"3":1,"4":1,"5":1,"6":1,"7":4,"8":1,"9":1,"10":3,"11":3,"12":3,"13":3,"14":4,"15":6,"16":2,"17":2,"18":2,"19":2,"20":6,"21":4,"22":4,"23":6,"24":2,"25":2,"26":2,"27":2,"28":6,"29":4,"30":4,"31":4,"32":1,"33":1,"34":4,"35":4,"36":4,"37":4,"38":1,"39":1},"branchMap":{"0":{"type":"branch","line":7,"loc":{"start":{"line":7,"column":1},"end":{"line":38,"column":1}},"locations":[{"start":{"line":7,"column":1},"end":{"line":38,"column":1}}]},"1":{"type":"branch","line":8,"loc":{"start":{"line":8,"column":48},"end":{"line":10,"column":5}},"locations":[{"start":{"line":8,"column":48},"end":{"line":10,"column":5}}]},"2":{"type":"branch","line":11,"loc":{"start":{"line":11,"column":-1},"end":{"line":15,"column":9}},"locations":[{"start":{"line":11,"column":-1},"end":{"line":15,"column":9}}]},"3":{"type":"branch","line":15,"loc":{"start":{"line":15,"column":32},"end":{"line":21,"column":5}},"locations":[{"start":{"line":15,"column":32},"end":{"line":21,"column":5}}]},"4":{"type":"branch","line":16,"loc":{"start":{"line":16,"column":38},"end":{"line":18,"column":15}},"locations":[{"start":{"line":16,"column":38},"end":{"line":18,"column":15}}]},"5":{"type":"branch","line":16,"loc":{"start":{"line":16,"column":8},"end":{"line":20,"column":9}},"locations":[{"start":{"line":16,"column":8},"end":{"line":20,"column":9}}]},"6":{"type":"branch","line":23,"loc":{"start":{"line":23,"column":33},"end":{"line":29,"column":5}},"locations":[{"start":{"line":23,"column":33},"end":{"line":29,"column":5}}]},"7":{"type":"branch","line":24,"loc":{"start":{"line":24,"column":38},"end":{"line":26,"column":15}},"locations":[{"start":{"line":24,"column":38},"end":{"line":26,"column":15}}]},"8":{"type":"branch","line":24,"loc":{"start":{"line":24,"column":8},"end":{"line":28,"column":9}},"locations":[{"start":{"line":24,"column":8},"end":{"line":28,"column":9}}]},"9":{"type":"branch","line":32,"loc":{"start":{"line":32,"column":63},"end":{"line":34,"column":9}},"locations":[{"start":{"line":32,"column":63},"end":{"line":34,"column":9}}]}},"b":{"0":[4],"1":[1],"2":[3],"3":[6],"4":[4],"5":[2],"6":[6],"7":[4],"8":[2],"9":[1]},"fnMap":{"0":{"name":"validAnagram","decl":{"start":{"line":7,"column":1},"end":{"line":38,"column":1}},"loc":{"start":{"line":7,"column":1},"end":{"line":38,"column":1}},"line":7}},"f":{"0":4}}
,"/Users/cjdeleon/Developer/ds-algos/multiple-pointers/areThereDuplicates.js": {"path":"/Users/cjdeleon/Developer/ds-algos/multiple-pointers/areThereDuplicates.js","all":false,"statementMap":{"0":{"start":{"line":1,"column":0},"end":{"line":1,"column":3}},"1":{"start":{"line":2,"column":0},"end":{"line":2,"column":55}},"2":{"start":{"line":3,"column":0},"end":{"line":3,"column":53}},"3":{"start":{"line":4,"column":0},"end":{"line":4,"column":66}},"4":{"start":{"line":5,"column":0},"end":{"line":5,"column":64}},"5":{"start":{"line":6,"column":0},"end":{"line":6,"column":28}},"6":{"start":{"line":7,"column":0},"end":{"line":7,"column":12}},"7":{"start":{"line":8,"column":0},"end":{"line":8,"column":13}},"8":{"start":{"line":9,"column":0},"end":{"line":9,"column":3}},"9":{"start":{"line":10,"column":0},"end":{"line":10,"column":38}},"10":{"start":{"line":11,"column":0},"end":{"line":11,"column":49}},"11":{"start":{"line":12,"column":0},"end":{"line":12,"column":20}},"12":{"start":{"line":13,"column":0},"end":{"line":13,"column":21}},"13":{"start":{"line":14,"column":0},"end":{"line":14,"column":27}},"14":{"start":{"line":15,"column":0},"end":{"line":15,"column":22}},"15":{"start":{"line":16,"column":0},"end":{"line":16,"column":9}},"16":{"start":{"line":17,"column":0},"end":{"line":17,"column":17}},"17":{"start":{"line":18,"column":0},"end":{"line":18,"column":7}},"18":{"start":{"line":19,"column":0},"end":{"line":19,"column":0}},"19":{"start":{"line":20,"column":0},"end":{"line":20,"column":18}},"20":{"start":{"line":21,"column":0},"end":{"line":21,"column":49}},"21":{"start":{"line":22,"column":0},"end":{"line":22,"column":50}},"22":{"start":{"line":23,"column":0},"end":{"line":23,"column":24}},"23":{"start":{"line":24,"column":0},"end":{"line":24,"column":9}},"24":{"start":{"line":25,"column":0},"end":{"line":25,"column":0}},"25":{"start":{"line":26,"column":0},"end":{"line":26,"column":18}},"26":{"start":{"line":27,"column":0},"end":{"line":27,"column":5}},"27":{"start":{"line":28,"column":0},"end":{"line":28,"column":0}},"28":{"start":{"line":29,"column":0},"end":{"line":29,"column":17}},"29":{"start":{"line":30,"column":0},"end":{"line":30,"column":1}},"30":{"start":{"line":31,"column":0},"end":{"line":31,"column":0}},"31":{"start":{"line":32,"column":0},"end":{"line":32,"column":36}}},"s":{"0":1,"1":1,"2":1,"3":1,"4":1,"5":1,"6":1,"7":1,"8":1,"9":3,"10":3,"11":9,"12":4,"13":4,"14":2,"15":2,"16":2,"17":2,"18":3,"19":3,"20":3,"21":5,"22":2,"23":2,"24":3,"25":3,"26":3,"27":3,"28":3,"29":3,"30":1,"31":1},"branchMap":{"0":{"type":"branch","line":10,"loc":{"start":{"line":10,"column":0},"end":{"line":30,"column":1}},"locations":[{"start":{"line":10,"column":0},"end":{"line":30,"column":1}}]},"1":{"type":"branch","line":21,"loc":{"start":{"line":21,"column":48},"end":{"line":27,"column":5}},"locations":[{"start":{"line":21,"column":48},"end":{"line":27,"column":5}}]},"2":{"type":"branch","line":22,"loc":{"start":{"line":22,"column":49},"end":{"line":24,"column":9}},"locations":[{"start":{"line":22,"column":49},"end":{"line":24,"column":9}}]},"3":{"type":"branch","line":25,"loc":{"start":{"line":25,"column":-1},"end":{"line":27,"column":5}},"locations":[{"start":{"line":25,"column":-1},"end":{"line":27,"column":5}}]},"4":{"type":"branch","line":11,"loc":{"start":{"line":11,"column":33},"end":{"line":18,"column":7}},"locations":[{"start":{"line":11,"column":33},"end":{"line":18,"column":7}}]},"5":{"type":"branch","line":12,"loc":{"start":{"line":12,"column":19},"end":{"line":14,"column":15}},"locations":[{"start":{"line":12,"column":19},"end":{"line":14,"column":15}}]},"6":{"type":"branch","line":12,"loc":{"start":{"line":12,"column":8},"end":{"line":16,"column":9}},"locations":[{"start":{"line":12,"column":8},"end":{"line":16,"column":9}}]},"7":{"type":"branch","line":14,"loc":{"start":{"line":14,"column":26},"end":{"line":16,"column":9}},"locations":[{"start":{"line":14,"column":26},"end":{"line":16,"column":9}}]},"8":{"type":"branch","line":17,"loc":{"start":{"line":17,"column":-1},"end":{"line":18,"column":7}},"locations":[{"start":{"line":17,"column":-1},"end":{"line":18,"column":7}}]}},"b":{"0":[3],"1":[5],"2":[2],"3":[3],"4":[9],"5":[5],"6":[4],"7":[2],"8":[2]},"fnMap":{"0":{"name":"areThereDuplicates","decl":{"start":{"line":10,"column":0},"end":{"line":30,"column":1}},"loc":{"start":{"line":10,"column":0},"end":{"line":30,"column":1}},"line":10}},"f":{"0":3}}
,"/Users/cjdeleon/Developer/ds-algos/multiple-pointers/averagePair.js": {"path":"/Users/cjdeleon/Developer/ds-algos/multiple-pointers/averagePair.js","all":false,"statementMap":{"0":{"start":{"line":1,"column":0},"end":{"line":1,"column":3}},"1":{"start":{"line":2,"column":0},"end":{"line":2,"column":54}},"2":{"start":{"line":3,"column":0},"end":{"line":3,"column":52}},"3":{"start":{"line":4,"column":0},"end":{"line":4,"column":54}},"4":{"start":{"line":5,"column":0},"end":{"line":5,"column":55}},"5":{"start":{"line":6,"column":0},"end":{"line":6,"column":61}},"6":{"start":{"line":7,"column":0},"end":{"line":7,"column":3}},"7":{"start":{"line":8,"column":0},"end":{"line":8,"column":41}},"8":{"start":{"line":9,"column":0},"end":{"line":9,"column":40}},"9":{"start":{"line":10,"column":0},"end":{"line":10,"column":0}},"10":{"start":{"line":11,"column":0},"end":{"line":11,"column":32}},"11":{"start":{"line":12,"column":0},"end":{"line":12,"column":0}},"12":{"start":{"line":13,"column":0},"end":{"line":13,"column":48}},"13":{"start":{"line":14,"column":0},"end":{"line":14,"column":54}},"14":{"start":{"line":15,"column":0},"end":{"line":15,"column":18}},"15":{"start":{"line":16,"column":0},"end":{"line":16,"column":21}},"16":{"start":{"line":17,"column":0},"end":{"line":17,"column":63}},"17":{"start":{"line":18,"column":0},"end":{"line":18,"column":24}},"18":{"start":{"line":19,"column":0},"end":{"line":19,"column":9}},"19":{"start":{"line":20,"column":0},"end":{"line":20,"column":5}},"20":{"start":{"line":21,"column":0},"end":{"line":21,"column":0}},"21":{"start":{"line":22,"column":0},"end":{"line":22,"column":17}},"22":{"start":{"line":23,"column":0},"end":{"line":23,"column":1}},"23":{"start":{"line":24,"column":0},"end":{"line":24,"column":0}},"24":{"start":{"line":25,"column":0},"end":{"line":25,"column":29}}},"s":{"0":1,"1":1,"2":1,"3":1,"4":1,"5":1,"6":1,"7":4,"8":4,"9":3,"10":3,"11":3,"12":4,"13":12,"14":7,"15":7,"16":7,"17":2,"18":2,"19":12,"20":1,"21":1,"22":1,"23":1,"24":1},"branchMap":{"0":{"type":"branch","line":8,"loc":{"start":{"line":8,"column":0},"end":{"line":23,"column":1}},"locations":[{"start":{"line":8,"column":0},"end":{"line":23,"column":1}}]},"1":{"type":"branch","line":9,"loc":{"start":{"line":9,"column":27},"end":{"line":9,"column":34}},"locations":[{"start":{"line":9,"column":27},"end":{"line":9,"column":34}}]},"2":{"type":"branch","line":9,"loc":{"start":{"line":9,"column":27},"end":{"line":13,"column":9}},"locations":[{"start":{"line":9,"column":27},"end":{"line":13,"column":9}}]},"3":{"type":"branch","line":13,"loc":{"start":{"line":13,"column":47},"end":{"line":20,"column":5}},"locations":[{"start":{"line":13,"column":47},"end":{"line":20,"column":5}}]},"4":{"type":"branch","line":14,"loc":{"start":{"line":14,"column":53},"end":{"line":17,"column":15}},"locations":[{"start":{"line":14,"column":53},"end":{"line":17,"column":15}}]},"5":{"type":"branch","line":14,"loc":{"start":{"line":14,"column":8},"end":{"line":19,"column":9}},"locations":[{"start":{"line":14,"column":8},"end":{"line":19,"column":9}}]},"6":{"type":"branch","line":17,"loc":{"start":{"line":17,"column":62},"end":{"line":19,"column":9}},"locations":[{"start":{"line":17,"column":62},"end":{"line":19,"column":9}}]},"7":{"type":"branch","line":21,"loc":{"start":{"line":21,"column":-1},"end":{"line":23,"column":1}},"locations":[{"start":{"line":21,"column":-1},"end":{"line":23,"column":1}}]}},"b":{"0":[4],"1":[1],"2":[3],"3":[12],"4":[5],"5":[7],"6":[2],"7":[1]},"fnMap":{"0":{"name":"averagePair","decl":{"start":{"line":8,"column":0},"end":{"line":23,"column":1}},"loc":{"start":{"line":8,"column":0},"end":{"line":23,"column":1}},"line":8}},"f":{"0":4}}
,"/Users/cjdeleon/Developer/ds-algos/multiple-pointers/countUniqueValues.js": {"path":"/Users/cjdeleon/Developer/ds-algos/multiple-pointers/countUniqueValues.js","all":false,"statementMap":{"0":{"start":{"line":1,"column":0},"end":{"line":1,"column":3}},"1":{"start":{"line":2,"column":0},"end":{"line":2,"column":39}},"2":{"start":{"line":3,"column":0},"end":{"line":3,"column":3}},"3":{"start":{"line":4,"column":0},"end":{"line":4,"column":36}},"4":{"start":{"line":5,"column":0},"end":{"line":5,"column":27}},"5":{"start":{"line":6,"column":0},"end":{"line":6,"column":33}},"6":{"start":{"line":7,"column":0},"end":{"line":7,"column":37}},"7":{"start":{"line":8,"column":0},"end":{"line":8,"column":0}},"8":{"start":{"line":9,"column":0},"end":{"line":9,"column":22}},"9":{"start":{"line":10,"column":0},"end":{"line":10,"column":14}},"10":{"start":{"line":11,"column":0},"end":{"line":11,"column":14}},"11":{"start":{"line":12,"column":0},"end":{"line":12,"column":4}},"12":{"start":{"line":13,"column":0},"end":{"line":13,"column":77}},"13":{"start":{"line":14,"column":0},"end":{"line":14,"column":30}},"14":{"start":{"line":15,"column":0},"end":{"line":15,"column":75}},"15":{"start":{"line":16,"column":0},"end":{"line":16,"column":38}},"16":{"start":{"line":17,"column":0},"end":{"line":17,"column":38}},"17":{"start":{"line":18,"column":0},"end":{"line":18,"column":9}},"18":{"start":{"line":19,"column":0},"end":{"line":19,"column":27}},"19":{"start":{"line":20,"column":0},"end":{"line":20,"column":14}},"20":{"start":{"line":21,"column":0},"end":{"line":21,"column":16}},"21":{"start":{"line":22,"column":0},"end":{"line":22,"column":9}},"22":{"start":{"line":23,"column":0},"end":{"line":23,"column":5}},"23":{"start":{"line":24,"column":0},"end":{"line":24,"column":4}},"24":{"start":{"line":25,"column":0},"end":{"line":25,"column":15}},"25":{"start":{"line":26,"column":0},"end":{"line":26,"column":1}},"26":{"start":{"line":27,"column":0},"end":{"line":27,"column":0}},"27":{"start":{"line":28,"column":0},"end":{"line":28,"column":35}}},"s":{"0":1,"1":1,"2":1,"3":4,"4":2,"5":2,"6":2,"7":2,"8":2,"9":2,"10":2,"11":2,"12":2,"13":4,"14":15,"15":15,"16":8,"17":8,"18":8,"19":8,"20":8,"21":8,"22":15,"23":2,"24":2,"25":2,"26":1,"27":1},"branchMap":{"0":{"type":"branch","line":4,"loc":{"start":{"line":4,"column":0},"end":{"line":26,"column":1}},"locations":[{"start":{"line":4,"column":0},"end":{"line":26,"column":1}}]},"1":{"type":"branch","line":6,"loc":{"start":{"line":6,"column":24},"end":{"line":6,"column":31}},"locations":[{"start":{"line":6,"column":24},"end":{"line":6,"column":31}}]},"2":{"type":"branch","line":6,"loc":{"start":{"line":6,"column":24},"end":{"line":7,"column":7}},"locations":[{"start":{"line":6,"column":24},"end":{"line":7,"column":7}}]},"3":{"type":"branch","line":7,"loc":{"start":{"line":7,"column":28},"end":{"line":7,"column":35}},"locations":[{"start":{"line":7,"column":28},"end":{"line":7,"column":35}}]},"4":{"type":"branch","line":4,"loc":{"start":{"line":4,"column":35},"end":{"line":14,"column":10}},"locations":[{"start":{"line":4,"column":35},"end":{"line":14,"column":10}}]},"5":{"type":"branch","line":14,"loc":{"start":{"line":14,"column":29},"end":{"line":23,"column":5}},"locations":[{"start":{"line":14,"column":29},"end":{"line":23,"column":5}}]},"6":{"type":"branch","line":16,"loc":{"start":{"line":16,"column":37},"end":{"line":18,"column":9}},"locations":[{"start":{"line":16,"column":37},"end":{"line":18,"column":9}}]},"7":{"type":"branch","line":16,"loc":{"start":{"line":16,"column":8},"end":{"line":22,"column":9}},"locations":[{"start":{"line":16,"column":8},"end":{"line":22,"column":9}}]},"8":{"type":"branch","line":24,"loc":{"start":{"line":24,"column":-1},"end":{"line":26,"column":1}},"locations":[{"start":{"line":24,"column":-1},"end":{"line":26,"column":1}}]}},"b":{"0":[4],"1":[1],"2":[3],"3":[1],"4":[2],"5":[15],"6":[7],"7":[8],"8":[2]},"fnMap":{"0":{"name":"countUniqueValues","decl":{"start":{"line":4,"column":0},"end":{"line":26,"column":1}},"loc":{"start":{"line":4,"column":0},"end":{"line":26,"column":1}},"line":4}},"f":{"0":4}}
,"/Users/cjdeleon/Developer/ds-algos/multiple-pointers/isSubsequence.js": {"path":"/Users/cjdeleon/Developer/ds-algos/multiple-pointers/isSubsequence.js","all":false,"statementMap":{"0":{"start":{"line":1,"column":0},"end":{"line":1,"column":3}},"1":{"start":{"line":2,"column":0},"end":{"line":2,"column":52}},"2":{"start":{"line":3,"column":0},"end":{"line":3,"column":51}},"3":{"start":{"line":4,"column":0},"end":{"line":4,"column":48}},"4":{"start":{"line":5,"column":0},"end":{"line":5,"column":51}},"5":{"start":{"line":6,"column":0},"end":{"line":6,"column":51}},"6":{"start":{"line":7,"column":0},"end":{"line":7,"column":53}},"7":{"start":{"line":8,"column":0},"end":{"line":8,"column":40}},"8":{"start":{"line":9,"column":0},"end":{"line":9,"column":3}},"9":{"start":{"line":10,"column":0},"end":{"line":10,"column":38}},"10":{"start":{"line":11,"column":0},"end":{"line":11,"column":25}},"11":{"start":{"line":12,"column":0},"end":{"line":12,"column":25}},"12":{"start":{"line":13,"column":0},"end":{"line":13,"column":0}},"13":{"start":{"line":14,"column":0},"end":{"line":14,"column":24}},"14":{"start":{"line":15,"column":0},"end":{"line":15,"column":21}},"15":{"start":{"line":16,"column":0},"end":{"line":16,"column":5}},"16":{"start":{"line":17,"column":0},"end":{"line":17,"column":0}},"17":{"start":{"line":18,"column":0},"end":{"line":18,"column":41}},"18":{"start":{"line":19,"column":0},"end":{"line":19,"column":58}},"19":{"start":{"line":20,"column":0},"end":{"line":20,"column":27}},"20":{"start":{"line":21,"column":0},"end":{"line":21,"column":9}},"21":{"start":{"line":22,"column":0},"end":{"line":22,"column":0}},"22":{"start":{"line":23,"column":0},"end":{"line":23,"column":55}},"23":{"start":{"line":24,"column":0},"end":{"line":24,"column":23}},"24":{"start":{"line":25,"column":0},"end":{"line":25,"column":5}},"25":{"start":{"line":26,"column":0},"end":{"line":26,"column":0}},"26":{"start":{"line":27,"column":0},"end":{"line":27,"column":17}},"27":{"start":{"line":28,"column":0},"end":{"line":28,"column":1}},"28":{"start":{"line":29,"column":0},"end":{"line":29,"column":0}},"29":{"start":{"line":30,"column":0},"end":{"line":30,"column":31}}},"s":{"0":1,"1":1,"2":1,"3":1,"4":1,"5":1,"6":1,"7":1,"8":1,"9":4,"10":4,"11":4,"12":4,"13":4,"14":0,"15":0,"16":4,"17":4,"18":18,"19":14,"20":14,"21":18,"22":18,"23":15,"24":15,"25":1,"26":1,"27":1,"28":1,"29":1},"branchMap":{"0":{"type":"branch","line":10,"loc":{"start":{"line":10,"column":0},"end":{"line":28,"column":1}},"locations":[{"start":{"line":10,"column":0},"end":{"line":28,"column":1}}]},"1":{"type":"branch","line":14,"loc":{"start":{"line":14,"column":23},"end":{"line":16,"column":5}},"locations":[{"start":{"line":14,"column":23},"end":{"line":16,"column":5}}]},"2":{"type":"branch","line":18,"loc":{"start":{"line":18,"column":40},"end":{"line":25,"column":5}},"locations":[{"start":{"line":18,"column":40},"end":{"line":25,"column":5}}]},"3":{"type":"branch","line":19,"loc":{"start":{"line":19,"column":57},"end":{"line":21,"column":9}},"locations":[{"start":{"line":19,"column":57},"end":{"line":21,"column":9}}]},"4":{"type":"branch","line":23,"loc":{"start":{"line":23,"column":43},"end":{"line":23,"column":50}},"locations":[{"start":{"line":23,"column":43},"end":{"line":23,"column":50}}]},"5":{"type":"branch","line":23,"loc":{"start":{"line":23,"column":43},"end":{"line":25,"column":5}},"locations":[{"start":{"line":23,"column":43},"end":{"line":25,"column":5}}]},"6":{"type":"branch","line":26,"loc":{"start":{"line":26,"column":-1},"end":{"line":28,"column":1}},"locations":[{"start":{"line":26,"column":-1},"end":{"line":28,"column":1}}]}},"b":{"0":[4],"1":[0],"2":[18],"3":[14],"4":[3],"5":[15],"6":[1]},"fnMap":{"0":{"name":"isSubsequence","decl":{"start":{"line":10,"column":0},"end":{"line":28,"column":1}},"loc":{"start":{"line":10,"column":0},"end":{"line":28,"column":1}},"line":10}},"f":{"0":4}}
,"/Users/cjdeleon/Developer/ds-algos/sliding-window/findLongestSubstring.js": {"path":"/Users/cjdeleon/Developer/ds-algos/sliding-window/findLongestSubstring.js","all":false,"statementMap":{"0":{"start":{"line":1,"column":0},"end":{"line":1,"column":36}},"1":{"start":{"line":2,"column":0},"end":{"line":2,"column":0}},"2":{"start":{"line":3,"column":0},"end":{"line":3,"column":3}},"3":{"start":{"line":4,"column":0},"end":{"line":4,"column":62}},"4":{"start":{"line":5,"column":0},"end":{"line":5,"column":59}},"5":{"start":{"line":6,"column":0},"end":{"line":6,"column":32}},"6":{"start":{"line":7,"column":0},"end":{"line":7,"column":3}},"7":{"start":{"line":8,"column":0},"end":{"line":8,"column":37}},"8":{"start":{"line":9,"column":0},"end":{"line":9,"column":40}},"9":{"start":{"line":10,"column":0},"end":{"line":10,"column":0}},"10":{"start":{"line":11,"column":0},"end":{"line":11,"column":22}},"11":{"start":{"line":12,"column":0},"end":{"line":12,"column":18}},"12":{"start":{"line":13,"column":0},"end":{"line":13,"column":16}},"13":{"start":{"line":14,"column":0},"end":{"line":14,"column":23}},"14":{"start":{"line":15,"column":0},"end":{"line":15,"column":0}},"15":{"start":{"line":16,"column":0},"end":{"line":16,"column":31}},"16":{"start":{"line":17,"column":0},"end":{"line":17,"column":56}},"17":{"start":{"line":18,"column":0},"end":{"line":18,"column":42}},"18":{"start":{"line":19,"column":0},"end":{"line":19,"column":61}},"19":{"start":{"line":20,"column":0},"end":{"line":20,"column":62}},"20":{"start":{"line":21,"column":0},"end":{"line":21,"column":24}},"21":{"start":{"line":22,"column":0},"end":{"line":22,"column":9}},"22":{"start":{"line":23,"column":0},"end":{"line":23,"column":14}},"23":{"start":{"line":24,"column":0},"end":{"line":24,"column":5}},"24":{"start":{"line":25,"column":0},"end":{"line":25,"column":0}},"25":{"start":{"line":26,"column":0},"end":{"line":26,"column":21}},"26":{"start":{"line":27,"column":0},"end":{"line":27,"column":1}},"27":{"start":{"line":28,"column":0},"end":{"line":28,"column":0}},"28":{"start":{"line":29,"column":0},"end":{"line":29,"column":38}}},"s":{"0":1,"1":1,"2":1,"3":1,"4":1,"5":1,"6":1,"7":2,"8":2,"9":2,"10":2,"11":2,"12":2,"13":2,"14":2,"15":2,"16":17,"17":7,"18":7,"19":7,"20":7,"21":7,"22":17,"23":17,"24":2,"25":2,"26":2,"27":1,"28":1},"branchMap":{"0":{"type":"branch","line":8,"loc":{"start":{"line":8,"column":0},"end":{"line":27,"column":1}},"locations":[{"start":{"line":8,"column":0},"end":{"line":27,"column":1}}]},"1":{"type":"branch","line":9,"loc":{"start":{"line":9,"column":31},"end":{"line":9,"column":38}},"locations":[{"start":{"line":9,"column":31},"end":{"line":9,"column":38}}]},"2":{"type":"branch","line":16,"loc":{"start":{"line":16,"column":30},"end":{"line":24,"column":5}},"locations":[{"start":{"line":16,"column":30},"end":{"line":24,"column":5}}]},"3":{"type":"branch","line":17,"loc":{"start":{"line":17,"column":55},"end":{"line":20,"column":15}},"locations":[{"start":{"line":17,"column":55},"end":{"line":20,"column":15}}]},"4":{"type":"branch","line":17,"loc":{"start":{"line":17,"column":8},"end":{"line":22,"column":9}},"locations":[{"start":{"line":17,"column":8},"end":{"line":22,"column":9}}]}},"b":{"0":[2],"1":[0],"2":[17],"3":[10],"4":[7]},"fnMap":{"0":{"name":"findLongestSubstring","decl":{"start":{"line":8,"column":0},"end":{"line":27,"column":1}},"loc":{"start":{"line":8,"column":0},"end":{"line":27,"column":1}},"line":8}},"f":{"0":2}}
,"/Users/cjdeleon/Developer/ds-algos/sliding-window/maxSubArraySum.js": {"path":"/Users/cjdeleon/Developer/ds-algos/sliding-window/maxSubArraySum.js","all":false,"statementMap":{"0":{"start":{"line":1,"column":0},"end":{"line":1,"column":3}},"1":{"start":{"line":2,"column":0},"end":{"line":2,"column":55}},"2":{"start":{"line":3,"column":0},"end":{"line":3,"column":59}},"3":{"start":{"line":4,"column":0},"end":{"line":4,"column":52}},"4":{"start":{"line":5,"column":0},"end":{"line":5,"column":25}},"5":{"start":{"line":6,"column":0},"end":{"line":6,"column":3}},"6":{"start":{"line":7,"column":0},"end":{"line":7,"column":36}},"7":{"start":{"line":8,"column":0},"end":{"line":8,"column":39}},"8":{"start":{"line":9,"column":0},"end":{"line":9,"column":4}},"9":{"start":{"line":10,"column":0},"end":{"line":10,"column":16}},"10":{"start":{"line":11,"column":0},"end":{"line":11,"column":20}},"11":{"start":{"line":12,"column":0},"end":{"line":12,"column":0}},"12":{"start":{"line":13,"column":0},"end":{"line":13,"column":36}},"13":{"start":{"line":14,"column":0},"end":{"line":14,"column":33}},"14":{"start":{"line":15,"column":0},"end":{"line":15,"column":25}},"15":{"start":{"line":16,"column":0},"end":{"line":16,"column":5}},"16":{"start":{"line":17,"column":0},"end":{"line":17,"column":0}},"17":{"start":{"line":18,"column":0},"end":{"line":18,"column":40}},"18":{"start":{"line":19,"column":0},"end":{"line":19,"column":18}},"19":{"start":{"line":20,"column":0},"end":{"line":20,"column":0}},"20":{"start":{"line":21,"column":0},"end":{"line":21,"column":90}},"21":{"start":{"line":22,"column":0},"end":{"line":22,"column":49}},"22":{"start":{"line":23,"column":0},"end":{"line":23,"column":54}},"23":{"start":{"line":24,"column":0},"end":{"line":24,"column":37}},"24":{"start":{"line":25,"column":0},"end":{"line":25,"column":5}},"25":{"start":{"line":26,"column":0},"end":{"line":26,"column":0}},"26":{"start":{"line":27,"column":0},"end":{"line":27,"column":29}},"27":{"start":{"line":28,"column":0},"end":{"line":28,"column":15}},"28":{"start":{"line":29,"column":0},"end":{"line":29,"column":1}},"29":{"start":{"line":30,"column":0},"end":{"line":30,"column":0}},"30":{"start":{"line":31,"column":0},"end":{"line":31,"column":32}}},"s":{"0":1,"1":1,"2":1,"3":1,"4":1,"5":1,"6":5,"7":4,"8":4,"9":4,"10":4,"11":4,"12":4,"13":4,"14":4,"15":4,"16":4,"17":4,"18":4,"19":4,"20":4,"21":4,"22":4,"23":4,"24":4,"25":4,"26":4,"27":4,"28":4,"29":1,"30":1},"branchMap":{"0":{"type":"branch","line":7,"loc":{"start":{"line":7,"column":0},"end":{"line":29,"column":1}},"locations":[{"start":{"line":7,"column":0},"end":{"line":29,"column":1}}]},"1":{"type":"branch","line":8,"loc":{"start":{"line":8,"column":27},"end":{"line":8,"column":34}},"locations":[{"start":{"line":8,"column":27},"end":{"line":8,"column":34}}]},"2":{"type":"branch","line":8,"loc":{"start":{"line":8,"column":27},"end":{"line":14,"column":9}},"locations":[{"start":{"line":8,"column":27},"end":{"line":14,"column":9}}]},"3":{"type":"branch","line":14,"loc":{"start":{"line":14,"column":32},"end":{"line":16,"column":5}},"locations":[{"start":{"line":14,"column":32},"end":{"line":16,"column":5}}]},"4":{"type":"branch","line":7,"loc":{"start":{"line":7,"column":35},"end":{"line":22,"column":9}},"locations":[{"start":{"line":7,"column":35},"end":{"line":22,"column":9}}]},"5":{"type":"branch","line":22,"loc":{"start":{"line":22,"column":48},"end":{"line":25,"column":5}},"locations":[{"start":{"line":22,"column":48},"end":{"line":25,"column":5}}]},"6":{"type":"branch","line":7,"loc":{"start":{"line":7,"column":35},"end":{"line":29,"column":1}},"locations":[{"start":{"line":7,"column":35},"end":{"line":29,"column":1}}]}},"b":{"0":[5],"1":[1],"2":[4],"3":[11],"4":[4],"5":[12],"6":[4]},"fnMap":{"0":{"name":"maxSubArraySum","decl":{"start":{"line":7,"column":0},"end":{"line":29,"column":1}},"loc":{"start":{"line":7,"column":0},"end":{"line":29,"column":1}},"line":7}},"f":{"0":5}}
}
