{"/Users/cjdeleon/Developer/udemy/ds-algos/frequency-counters/validAnagram.js": {"path":"/Users/cjdeleon/Developer/udemy/ds-algos/frequency-counters/validAnagram.js","all":false,"statementMap":{"0":{"start":{"line":1,"column":0},"end":{"line":1,"column":3}},"1":{"start":{"line":2,"column":0},"end":{"line":2,"column":21}},"2":{"start":{"line":3,"column":0},"end":{"line":3,"column":63}},"3":{"start":{"line":4,"column":0},"end":{"line":4,"column":89}},"4":{"start":{"line":5,"column":0},"end":{"line":5,"column":27}},"5":{"start":{"line":6,"column":0},"end":{"line":6,"column":3}},"6":{"start":{"line":7,"column":0},"end":{"line":7,"column":0}},"7":{"start":{"line":8,"column":0},"end":{"line":8,"column":47}},"8":{"start":{"line":9,"column":0},"end":{"line":9,"column":49}},"9":{"start":{"line":10,"column":0},"end":{"line":10,"column":21}},"10":{"start":{"line":11,"column":0},"end":{"line":11,"column":5}},"11":{"start":{"line":12,"column":0},"end":{"line":12,"column":0}},"12":{"start":{"line":13,"column":0},"end":{"line":13,"column":33}},"13":{"start":{"line":14,"column":0},"end":{"line":14,"column":33}},"14":{"start":{"line":15,"column":0},"end":{"line":15,"column":0}},"15":{"start":{"line":16,"column":0},"end":{"line":16,"column":33}},"16":{"start":{"line":17,"column":0},"end":{"line":17,"column":39}},"17":{"start":{"line":18,"column":0},"end":{"line":18,"column":40}},"18":{"start":{"line":19,"column":0},"end":{"line":19,"column":16}},"19":{"start":{"line":20,"column":0},"end":{"line":20,"column":41}},"20":{"start":{"line":21,"column":0},"end":{"line":21,"column":9}},"21":{"start":{"line":22,"column":0},"end":{"line":22,"column":5}},"22":{"start":{"line":23,"column":0},"end":{"line":23,"column":0}},"23":{"start":{"line":24,"column":0},"end":{"line":24,"column":34}},"24":{"start":{"line":25,"column":0},"end":{"line":25,"column":39}},"25":{"start":{"line":26,"column":0},"end":{"line":26,"column":40}},"26":{"start":{"line":27,"column":0},"end":{"line":27,"column":16}},"27":{"start":{"line":28,"column":0},"end":{"line":28,"column":41}},"28":{"start":{"line":29,"column":0},"end":{"line":29,"column":9}},"29":{"start":{"line":30,"column":0},"end":{"line":30,"column":5}},"30":{"start":{"line":31,"column":0},"end":{"line":31,"column":0}},"31":{"start":{"line":32,"column":0},"end":{"line":32,"column":40}},"32":{"start":{"line":33,"column":0},"end":{"line":33,"column":64}},"33":{"start":{"line":34,"column":0},"end":{"line":34,"column":25}},"34":{"start":{"line":35,"column":0},"end":{"line":35,"column":9}},"35":{"start":{"line":36,"column":0},"end":{"line":36,"column":5}},"36":{"start":{"line":37,"column":0},"end":{"line":37,"column":0}},"37":{"start":{"line":38,"column":0},"end":{"line":38,"column":16}},"38":{"start":{"line":39,"column":0},"end":{"line":39,"column":1}},"39":{"start":{"line":40,"column":0},"end":{"line":40,"column":0}},"40":{"start":{"line":41,"column":0},"end":{"line":41,"column":30}}},"s":{"0":1,"1":1,"2":1,"3":1,"4":1,"5":1,"6":1,"7":1,"8":4,"9":1,"10":1,"11":3,"12":3,"13":3,"14":3,"15":4,"16":6,"17":4,"18":6,"19":2,"20":2,"21":6,"22":3,"23":4,"24":6,"25":4,"26":6,"27":2,"28":2,"29":6,"30":3,"31":3,"32":3,"33":1,"34":1,"35":3,"36":2,"37":2,"38":2,"39":1,"40":1},"branchMap":{"0":{"type":"branch","line":8,"loc":{"start":{"line":8,"column":1},"end":{"line":39,"column":1}},"locations":[{"start":{"line":8,"column":1},"end":{"line":39,"column":1}}]},"1":{"type":"branch","line":9,"loc":{"start":{"line":9,"column":48},"end":{"line":11,"column":5}},"locations":[{"start":{"line":9,"column":48},"end":{"line":11,"column":5}}]},"2":{"type":"branch","line":12,"loc":{"start":{"line":12,"column":-1},"end":{"line":16,"column":9}},"locations":[{"start":{"line":12,"column":-1},"end":{"line":16,"column":9}}]},"3":{"type":"branch","line":16,"loc":{"start":{"line":16,"column":32},"end":{"line":22,"column":5}},"locations":[{"start":{"line":16,"column":32},"end":{"line":22,"column":5}}]},"4":{"type":"branch","line":17,"loc":{"start":{"line":17,"column":38},"end":{"line":19,"column":15}},"locations":[{"start":{"line":17,"column":38},"end":{"line":19,"column":15}}]},"5":{"type":"branch","line":19,"loc":{"start":{"line":19,"column":9},"end":{"line":21,"column":9}},"locations":[{"start":{"line":19,"column":9},"end":{"line":21,"column":9}}]},"6":{"type":"branch","line":23,"loc":{"start":{"line":23,"column":-1},"end":{"line":24,"column":9}},"locations":[{"start":{"line":23,"column":-1},"end":{"line":24,"column":9}}]},"7":{"type":"branch","line":24,"loc":{"start":{"line":24,"column":33},"end":{"line":30,"column":5}},"locations":[{"start":{"line":24,"column":33},"end":{"line":30,"column":5}}]},"8":{"type":"branch","line":25,"loc":{"start":{"line":25,"column":38},"end":{"line":27,"column":15}},"locations":[{"start":{"line":25,"column":38},"end":{"line":27,"column":15}}]},"9":{"type":"branch","line":27,"loc":{"start":{"line":27,"column":9},"end":{"line":29,"column":9}},"locations":[{"start":{"line":27,"column":9},"end":{"line":29,"column":9}}]},"10":{"type":"branch","line":31,"loc":{"start":{"line":31,"column":-1},"end":{"line":36,"column":5}},"locations":[{"start":{"line":31,"column":-1},"end":{"line":36,"column":5}}]},"11":{"type":"branch","line":33,"loc":{"start":{"line":33,"column":63},"end":{"line":35,"column":9}},"locations":[{"start":{"line":33,"column":63},"end":{"line":35,"column":9}}]},"12":{"type":"branch","line":37,"loc":{"start":{"line":37,"column":-1},"end":{"line":39,"column":1}},"locations":[{"start":{"line":37,"column":-1},"end":{"line":39,"column":1}}]}},"b":{"0":[4],"1":[1],"2":[3],"3":[6],"4":[4],"5":[2],"6":[3],"7":[6],"8":[4],"9":[2],"10":[3],"11":[1],"12":[2]},"fnMap":{"0":{"name":"validAnagram","decl":{"start":{"line":8,"column":1},"end":{"line":39,"column":1}},"loc":{"start":{"line":8,"column":1},"end":{"line":39,"column":1}},"line":8}},"f":{"0":4}}
,"/Users/cjdeleon/Developer/udemy/ds-algos/multiple-pointers/countUniqueValues.js": {"path":"/Users/cjdeleon/Developer/udemy/ds-algos/multiple-pointers/countUniqueValues.js","all":false,"statementMap":{"0":{"start":{"line":1,"column":0},"end":{"line":1,"column":36}},"1":{"start":{"line":2,"column":0},"end":{"line":2,"column":27}},"2":{"start":{"line":3,"column":0},"end":{"line":3,"column":33}},"3":{"start":{"line":4,"column":0},"end":{"line":4,"column":37}},"4":{"start":{"line":5,"column":0},"end":{"line":5,"column":0}},"5":{"start":{"line":6,"column":0},"end":{"line":6,"column":22}},"6":{"start":{"line":7,"column":0},"end":{"line":7,"column":14}},"7":{"start":{"line":8,"column":0},"end":{"line":8,"column":14}},"8":{"start":{"line":9,"column":0},"end":{"line":9,"column":4}},"9":{"start":{"line":10,"column":0},"end":{"line":10,"column":77}},"10":{"start":{"line":11,"column":0},"end":{"line":11,"column":30}},"11":{"start":{"line":12,"column":0},"end":{"line":12,"column":75}},"12":{"start":{"line":13,"column":0},"end":{"line":13,"column":38}},"13":{"start":{"line":14,"column":0},"end":{"line":14,"column":38}},"14":{"start":{"line":15,"column":0},"end":{"line":15,"column":9}},"15":{"start":{"line":16,"column":0},"end":{"line":16,"column":27}},"16":{"start":{"line":17,"column":0},"end":{"line":17,"column":14}},"17":{"start":{"line":18,"column":0},"end":{"line":18,"column":16}},"18":{"start":{"line":19,"column":0},"end":{"line":19,"column":9}},"19":{"start":{"line":20,"column":0},"end":{"line":20,"column":5}},"20":{"start":{"line":21,"column":0},"end":{"line":21,"column":4}},"21":{"start":{"line":22,"column":0},"end":{"line":22,"column":15}},"22":{"start":{"line":23,"column":0},"end":{"line":23,"column":1}},"23":{"start":{"line":24,"column":0},"end":{"line":24,"column":0}},"24":{"start":{"line":25,"column":0},"end":{"line":25,"column":35}}},"s":{"0":4,"1":4,"2":4,"3":4,"4":2,"5":2,"6":2,"7":2,"8":2,"9":2,"10":4,"11":15,"12":15,"13":7,"14":7,"15":8,"16":8,"17":8,"18":8,"19":15,"20":2,"21":2,"22":2,"23":1,"24":1},"branchMap":{"0":{"type":"branch","line":1,"loc":{"start":{"line":1,"column":0},"end":{"line":23,"column":1}},"locations":[{"start":{"line":1,"column":0},"end":{"line":23,"column":1}}]},"1":{"type":"branch","line":3,"loc":{"start":{"line":3,"column":24},"end":{"line":3,"column":31}},"locations":[{"start":{"line":3,"column":24},"end":{"line":3,"column":31}}]},"2":{"type":"branch","line":3,"loc":{"start":{"line":3,"column":24},"end":{"line":4,"column":7}},"locations":[{"start":{"line":3,"column":24},"end":{"line":4,"column":7}}]},"3":{"type":"branch","line":4,"loc":{"start":{"line":4,"column":28},"end":{"line":4,"column":35}},"locations":[{"start":{"line":4,"column":28},"end":{"line":4,"column":35}}]},"4":{"type":"branch","line":4,"loc":{"start":{"line":4,"column":4},"end":{"line":11,"column":10}},"locations":[{"start":{"line":4,"column":4},"end":{"line":11,"column":10}}]},"5":{"type":"branch","line":11,"loc":{"start":{"line":11,"column":29},"end":{"line":20,"column":5}},"locations":[{"start":{"line":11,"column":29},"end":{"line":20,"column":5}}]},"6":{"type":"branch","line":13,"loc":{"start":{"line":13,"column":37},"end":{"line":15,"column":9}},"locations":[{"start":{"line":13,"column":37},"end":{"line":15,"column":9}}]},"7":{"type":"branch","line":16,"loc":{"start":{"line":16,"column":-1},"end":{"line":19,"column":9}},"locations":[{"start":{"line":16,"column":-1},"end":{"line":19,"column":9}}]},"8":{"type":"branch","line":21,"loc":{"start":{"line":21,"column":-1},"end":{"line":23,"column":1}},"locations":[{"start":{"line":21,"column":-1},"end":{"line":23,"column":1}}]}},"b":{"0":[4],"1":[1],"2":[3],"3":[1],"4":[2],"5":[15],"6":[7],"7":[8],"8":[2]},"fnMap":{"0":{"name":"countUniqueValues","decl":{"start":{"line":1,"column":0},"end":{"line":23,"column":1}},"loc":{"start":{"line":1,"column":0},"end":{"line":23,"column":1}},"line":1}},"f":{"0":4}}
}
