TN:
SF:frequency-counters/validAnagram.js
FN:8,validAnagram
FNF:1
FNH:1
FNDA:4,validAnagram
DA:1,1
DA:2,1
DA:3,1
DA:4,1
DA:5,1
DA:6,1
DA:7,1
DA:8,1
DA:9,4
DA:10,1
DA:11,1
DA:12,3
DA:13,3
DA:14,3
DA:15,3
DA:16,4
DA:17,6
DA:18,4
DA:19,6
DA:20,2
DA:21,2
DA:22,6
DA:23,3
DA:24,4
DA:25,6
DA:26,4
DA:27,6
DA:28,2
DA:29,2
DA:30,6
DA:31,3
DA:32,3
DA:33,3
DA:34,1
DA:35,1
DA:36,3
DA:37,2
DA:38,2
DA:39,2
DA:40,1
DA:41,1
LF:41
LH:41
BRDA:8,0,0,4
BRDA:9,1,0,1
BRDA:12,2,0,3
BRDA:16,3,0,6
BRDA:17,4,0,4
BRDA:19,5,0,2
BRDA:23,6,0,3
BRDA:24,7,0,6
BRDA:25,8,0,4
BRDA:27,9,0,2
BRDA:31,10,0,3
BRDA:33,11,0,1
BRDA:37,12,0,2
BRF:13
BRH:13
end_of_record
TN:
SF:multiple-pointers/countUniqueValues.js
FN:1,countUniqueValues
FNF:1
FNH:1
FNDA:4,countUniqueValues
DA:1,4
DA:2,4
DA:3,4
DA:4,4
DA:5,2
DA:6,2
DA:7,2
DA:8,2
DA:9,2
DA:10,2
DA:11,4
DA:12,15
DA:13,15
DA:14,7
DA:15,7
DA:16,8
DA:17,8
DA:18,8
DA:19,8
DA:20,15
DA:21,2
DA:22,2
DA:23,2
DA:24,1
DA:25,1
LF:25
LH:25
BRDA:1,0,0,4
BRDA:3,1,0,1
BRDA:3,2,0,3
BRDA:4,3,0,1
BRDA:4,4,0,2
BRDA:11,5,0,15
BRDA:13,6,0,7
BRDA:16,7,0,8
BRDA:21,8,0,2
BRF:9
BRH:9
end_of_record
