TN:
SF:divide-and-conquer/search.js
FN:8,search
FNF:1
FNH:1
FNDA:3,search
DA:1,1
DA:2,1
DA:3,1
DA:4,1
DA:5,1
DA:6,1
DA:7,1
DA:8,3
DA:9,3
DA:10,3
DA:11,3
DA:12,3
DA:13,9
DA:14,9
DA:15,9
DA:16,6
DA:17,9
DA:18,1
DA:19,3
DA:20,2
DA:21,2
DA:22,9
DA:23,9
DA:24,1
DA:25,1
DA:26,1
DA:27,1
DA:28,1
LF:28
LH:28
BRDA:8,0,0,3
BRDA:12,1,0,9
BRDA:15,2,0,6
BRDA:17,3,0,3
BRDA:17,4,0,1
BRDA:19,5,0,2
BRDA:24,6,0,1
BRF:7
BRH:7
end_of_record
TN:
SF:frequency-counters/areThereDuplicates.js
FN:10,areThereDuplicates
FNF:1
FNH:1
FNDA:3,areThereDuplicates
DA:1,1
DA:2,1
DA:3,1
DA:4,1
DA:5,1
DA:6,1
DA:7,1
DA:8,1
DA:9,1
DA:10,1
DA:11,3
DA:12,3
DA:13,3
DA:14,10
DA:15,2
DA:16,2
DA:17,8
DA:18,8
DA:19,8
DA:20,1
DA:21,1
DA:22,1
DA:23,1
DA:24,1
LF:24
LH:24
BRDA:10,0,0,3
BRDA:13,1,0,10
BRDA:14,2,0,2
BRDA:17,3,0,8
BRDA:20,4,0,1
BRF:5
BRH:5
end_of_record
TN:
SF:frequency-counters/sameFrequency.js
FN:9,sameFrequency
FNF:1
FNH:1
FNDA:4,sameFrequency
DA:1,1
DA:2,1
DA:3,1
DA:4,1
DA:5,1
DA:6,1
DA:7,1
DA:8,1
DA:9,4
DA:10,4
DA:11,4
DA:12,4
DA:13,4
DA:14,3
DA:15,3
DA:16,3
DA:17,3
DA:18,4
DA:19,12
DA:20,12
DA:21,3
DA:22,4
DA:23,12
DA:24,12
DA:25,3
DA:26,4
DA:27,9
DA:28,1
DA:29,1
DA:30,9
DA:31,2
DA:32,2
DA:33,2
DA:34,1
DA:35,1
LF:35
LH:35
BRDA:9,0,0,4
BRDA:13,1,0,1
BRDA:13,2,0,3
BRDA:18,3,0,12
BRDA:19,4,0,2
BRDA:19,5,0,10
BRDA:21,6,0,3
BRDA:22,7,0,12
BRDA:23,8,0,2
BRDA:23,9,0,10
BRDA:25,10,0,3
BRDA:26,11,0,9
BRDA:27,12,0,8
BRDA:27,13,0,1
BRDA:31,14,0,2
BRF:15
BRH:15
end_of_record
TN:
SF:frequency-counters/validAnagram.js
FN:7,validAnagram
FNF:1
FNH:1
FNDA:4,validAnagram
DA:1,1
DA:2,1
DA:3,1
DA:4,1
DA:5,1
DA:6,1
DA:7,1
DA:8,4
DA:9,1
DA:10,1
DA:11,3
DA:12,3
DA:13,3
DA:14,3
DA:15,4
DA:16,6
DA:17,4
DA:18,6
DA:19,2
DA:20,2
DA:21,6
DA:22,3
DA:23,4
DA:24,6
DA:25,4
DA:26,6
DA:27,2
DA:28,2
DA:29,6
DA:30,3
DA:31,3
DA:32,3
DA:33,1
DA:34,1
DA:35,3
DA:36,2
DA:37,2
DA:38,2
DA:39,1
DA:40,1
LF:40
LH:40
BRDA:7,0,0,4
BRDA:8,1,0,1
BRDA:11,2,0,3
BRDA:15,3,0,6
BRDA:16,4,0,4
BRDA:18,5,0,2
BRDA:22,6,0,3
BRDA:23,7,0,6
BRDA:24,8,0,4
BRDA:26,9,0,2
BRDA:30,10,0,3
BRDA:32,11,0,1
BRDA:36,12,0,2
BRF:13
BRH:13
end_of_record
TN:
SF:multiple-pointers/areThereDuplicates.js
FN:10,areThereDuplicates
FNF:1
FNH:1
FNDA:3,areThereDuplicates
DA:1,1
DA:2,1
DA:3,1
DA:4,1
DA:5,1
DA:6,1
DA:7,1
DA:8,1
DA:9,1
DA:10,3
DA:11,3
DA:12,9
DA:13,5
DA:14,9
DA:15,2
DA:16,2
DA:17,2
DA:18,2
DA:19,3
DA:20,3
DA:21,3
DA:22,5
DA:23,2
DA:24,2
DA:25,3
DA:26,3
DA:27,3
DA:28,1
DA:29,1
DA:30,1
DA:31,1
DA:32,1
LF:32
LH:32
BRDA:10,0,0,3
BRDA:21,1,0,5
BRDA:22,2,0,2
BRDA:25,3,0,3
BRDA:28,4,0,1
BRDA:11,5,0,9
BRDA:12,6,0,5
BRDA:14,7,0,4
BRDA:14,8,0,2
BRDA:17,9,0,2
BRF:10
BRH:10
end_of_record
TN:
SF:multiple-pointers/averagePair.js
FN:8,averagePair
FNF:1
FNH:1
FNDA:4,averagePair
DA:1,1
DA:2,1
DA:3,1
DA:4,1
DA:5,1
DA:6,1
DA:7,1
DA:8,4
DA:9,4
DA:10,3
DA:11,3
DA:12,3
DA:13,4
DA:14,12
DA:15,5
DA:16,5
DA:17,12
DA:18,2
DA:19,2
DA:20,12
DA:21,1
DA:22,1
DA:23,1
DA:24,1
DA:25,1
LF:25
LH:25
BRDA:8,0,0,4
BRDA:9,1,0,1
BRDA:9,2,0,3
BRDA:13,3,0,12
BRDA:14,4,0,5
BRDA:17,5,0,7
BRDA:17,6,0,2
BRDA:21,7,0,1
BRF:8
BRH:8
end_of_record
TN:
SF:multiple-pointers/countUniqueValues.js
FN:4,countUniqueValues
FNF:1
FNH:1
FNDA:4,countUniqueValues
DA:1,1
DA:2,1
DA:3,1
DA:4,4
DA:5,4
DA:6,4
DA:7,4
DA:8,2
DA:9,2
DA:10,2
DA:11,2
DA:12,2
DA:13,2
DA:14,4
DA:15,15
DA:16,15
DA:17,7
DA:18,7
DA:19,8
DA:20,8
DA:21,8
DA:22,8
DA:23,15
DA:24,2
DA:25,2
DA:26,2
DA:27,1
DA:28,1
LF:28
LH:28
BRDA:4,0,0,4
BRDA:6,1,0,1
BRDA:6,2,0,3
BRDA:7,3,0,1
BRDA:7,4,0,2
BRDA:14,5,0,15
BRDA:16,6,0,7
BRDA:19,7,0,8
BRDA:24,8,0,2
BRF:9
BRH:9
end_of_record
TN:
SF:multiple-pointers/isSubsequence.js
FN:10,isSubsequence
FNF:1
FNH:1
FNDA:4,isSubsequence
DA:1,1
DA:2,1
DA:3,1
DA:4,1
DA:5,1
DA:6,1
DA:7,1
DA:8,1
DA:9,1
DA:10,4
DA:11,4
DA:12,4
DA:13,4
DA:14,4
DA:15,0
DA:16,0
DA:17,4
DA:18,4
DA:19,18
DA:20,14
DA:21,14
DA:22,18
DA:23,18
DA:24,15
DA:25,15
DA:26,1
DA:27,1
DA:28,1
DA:29,1
DA:30,1
LF:30
LH:28
BRDA:10,0,0,4
BRDA:14,1,0,0
BRDA:18,2,0,18
BRDA:19,3,0,14
BRDA:23,4,0,3
BRDA:23,5,0,15
BRDA:26,6,0,1
BRF:7
BRH:6
end_of_record
TN:
SF:sliding-window/findLongestSubstring.js
FN:8,findLongestSubstring
FNF:1
FNH:1
FNDA:2,findLongestSubstring
DA:1,1
DA:2,1
DA:3,1
DA:4,1
DA:5,1
DA:6,1
DA:7,1
DA:8,2
DA:9,2
DA:10,2
DA:11,2
DA:12,2
DA:13,2
DA:14,2
DA:15,2
DA:16,2
DA:17,17
DA:18,10
DA:19,10
DA:20,17
DA:21,7
DA:22,7
DA:23,7
DA:24,17
DA:25,17
DA:26,2
DA:27,2
DA:28,2
DA:29,1
DA:30,1
LF:30
LH:30
BRDA:8,0,0,2
BRDA:9,1,0,0
BRDA:16,2,0,17
BRDA:17,3,0,10
BRDA:20,4,0,7
BRF:5
BRH:4
end_of_record
TN:
SF:sliding-window/maxSubArraySum.js
FN:7,maxSubArraySum
FNF:1
FNH:1
FNDA:5,maxSubArraySum
DA:1,1
DA:2,1
DA:3,1
DA:4,1
DA:5,1
DA:6,1
DA:7,5
DA:8,5
DA:9,4
DA:10,4
DA:11,4
DA:12,4
DA:13,4
DA:14,5
DA:15,11
DA:16,11
DA:17,4
DA:18,4
DA:19,4
DA:20,4
DA:21,4
DA:22,5
DA:23,12
DA:24,12
DA:25,12
DA:26,4
DA:27,4
DA:28,4
DA:29,4
DA:30,1
DA:31,1
LF:31
LH:31
BRDA:7,0,0,5
BRDA:8,1,0,1
BRDA:8,2,0,4
BRDA:14,3,0,11
BRDA:17,4,0,4
BRDA:22,5,0,12
BRDA:26,6,0,4
BRF:7
BRH:7
end_of_record
